<?xml version="1.0" encoding="UTF-8"?>
<testsuite name="com.ceiba.parqueadero.parqueadero.dto.unitaria.ParqueaderoTest" tests="7" skipped="0" failures="0" errors="0" timestamp="2017-12-27T19:34:55" hostname="ESTEBAN-CASTRO" time="0.025">
  <properties/>
  <testcase name="placaNoAutorizadaTest" classname="com.ceiba.parqueadero.parqueadero.dto.unitaria.ParqueaderoTest" time="0.004"/>
  <testcase name="cupoDisponiblePositivoTest" classname="com.ceiba.parqueadero.parqueadero.dto.unitaria.ParqueaderoTest" time="0.014"/>
  <testcase name="valorPagarMotoTest" classname="com.ceiba.parqueadero.parqueadero.dto.unitaria.ParqueaderoTest" time="0.002"/>
  <testcase name="cupoDisponibleNegativoTest" classname="com.ceiba.parqueadero.parqueadero.dto.unitaria.ParqueaderoTest" time="0.0"/>
  <testcase name="valorPagarCarroTest" classname="com.ceiba.parqueadero.parqueadero.dto.unitaria.ParqueaderoTest" time="0.001"/>
  <testcase name="placaAutorizadaTest" classname="com.ceiba.parqueadero.parqueadero.dto.unitaria.ParqueaderoTest" time="0.001"/>
  <testcase name="valorPagarMotoAltCCTest" classname="com.ceiba.parqueadero.parqueadero.dto.unitaria.ParqueaderoTest" time="0.001"/>
  <system-out><![CDATA[]]></system-out>
  <system-err><![CDATA[]]></system-err>
</testsuite>
