<?xml version="1.0" encoding="UTF-8"?>
<testsuite name="com.ceiba.parqueadero.parqueadero.dto.unitaria.ParqueaderoTest" tests="2" skipped="0" failures="0" errors="0" timestamp="2017-12-23T21:24:18" hostname="ESTEBAN-CASTRO" time="0.026">
  <properties/>
  <testcase name="cupoDisponiblePositivo" classname="com.ceiba.parqueadero.parqueadero.dto.unitaria.ParqueaderoTest" time="0.025"/>
  <testcase name="cupoDisponibleNegativo" classname="com.ceiba.parqueadero.parqueadero.dto.unitaria.ParqueaderoTest" time="0.001"/>
  <system-out><![CDATA[]]></system-out>
  <system-err><![CDATA[]]></system-err>
</testsuite>
