<?xml version="1.0" encoding="UTF-8"?>
<testsuite name="com.ceiba.parqueadero.parqueadero.dto.unitaria.ParqueaderoTest" tests="6" skipped="0" failures="0" errors="0" timestamp="2017-12-26T20:38:02" hostname="ESTEBAN-CASTRO" time="0.011">
  <properties/>
  <testcase name="cupoDisponiblePositivoTest" classname="com.ceiba.parqueadero.parqueadero.dto.unitaria.ParqueaderoTest" time="0.007"/>
  <testcase name="valorPagarMotoTest" classname="com.ceiba.parqueadero.parqueadero.dto.unitaria.ParqueaderoTest" time="0.001"/>
  <testcase name="cupoDisponibleNegativoTest" classname="com.ceiba.parqueadero.parqueadero.dto.unitaria.ParqueaderoTest" time="0.0"/>
  <testcase name="valorPagarCarroTest" classname="com.ceiba.parqueadero.parqueadero.dto.unitaria.ParqueaderoTest" time="0.001"/>
  <testcase name="placaAutorizadaTest" classname="com.ceiba.parqueadero.parqueadero.dto.unitaria.ParqueaderoTest" time="0.0"/>
  <testcase name="valorPagarMotoAltCCTest" classname="com.ceiba.parqueadero.parqueadero.dto.unitaria.ParqueaderoTest" time="0.0"/>
  <system-out><![CDATA[Fechas***********  24000.0
]]></system-out>
  <system-err><![CDATA[]]></system-err>
</testsuite>
